Building for debugging...
[0/11] /Users/hakaru/Desktop/MIDI2Kit/.build/x86_64-apple-macosx/debug/MIDI2KitPackageTests.derived/runner.swift
[1/11] Write sources
[8/11] Write swift-version--58304C5D6DBC2206.txt
[10/19] Compiling MIDI2Core Mcoded7.swift
[11/19] Compiling MIDI2Core MUID.swift
Rename failed: /Users/hakaru/Desktop/MIDI2Kit/.build/x86_64-apple-macosx/debug/ModuleCache/1SC55N0B2OUJG/Foundation-24LYWIP48SHNP-7e693db8.pcm.tmp -> /Users/hakaru/Desktop/MIDI2Kit/.build/x86_64-apple-macosx/debug/ModuleCache/1SC55N0B2OUJG/Foundation-24LYWIP48SHNP.pcm: No such file or directory
<unknown>:0: error: unable to rename temporary '/Users/hakaru/Desktop/MIDI2Kit/.build/x86_64-apple-macosx/debug/ModuleCache/1SC55N0B2OUJG/Foundation-24LYWIP48SHNP-7e693db8.pcm.tmp' to output file '/Users/hakaru/Desktop/MIDI2Kit/.build/x86_64-apple-macosx/debug/ModuleCache/1SC55N0B2OUJG/Foundation-24LYWIP48SHNP.pcm': 'No such file or directory'
<unknown>:0: error: could not build Objective-C module 'Foundation'
[12/19] Compiling MIDI2Core MIDICIConstants.swift
Rename failed: /Users/hakaru/Desktop/MIDI2Kit/.build/x86_64-apple-macosx/debug/ModuleCache/1SC55N0B2OUJG/Foundation-24LYWIP48SHNP-15d6289c.pcm.tmp -> /Users/hakaru/Desktop/MIDI2Kit/.build/x86_64-apple-macosx/debug/ModuleCache/1SC55N0B2OUJG/Foundation-24LYWIP48SHNP.pcm: No such file or directory
<unknown>:0: error: unable to rename temporary '/Users/hakaru/Desktop/MIDI2Kit/.build/x86_64-apple-macosx/debug/ModuleCache/1SC55N0B2OUJG/Foundation-24LYWIP48SHNP-15d6289c.pcm.tmp' to output file '/Users/hakaru/Desktop/MIDI2Kit/.build/x86_64-apple-macosx/debug/ModuleCache/1SC55N0B2OUJG/Foundation-24LYWIP48SHNP.pcm': 'No such file or directory'
<unknown>:0: error: could not build Objective-C module 'Foundation'
[13/19] Compiling MIDI2Core MIDI2Logger.swift
Rename failed: /Users/hakaru/Desktop/MIDI2Kit/.build/x86_64-apple-macosx/debug/ModuleCache/1SC55N0B2OUJG/IOKit-1IAL9NTK1TABA-0a428e49.pcm.tmp -> /Users/hakaru/Desktop/MIDI2Kit/.build/x86_64-apple-macosx/debug/ModuleCache/1SC55N0B2OUJG/IOKit-1IAL9NTK1TABA.pcm: No such file or directory
<unknown>:0: error: unable to rename temporary '/Users/hakaru/Desktop/MIDI2Kit/.build/x86_64-apple-macosx/debug/ModuleCache/1SC55N0B2OUJG/IOKit-1IAL9NTK1TABA-0a428e49.pcm.tmp' to output file '/Users/hakaru/Desktop/MIDI2Kit/.build/x86_64-apple-macosx/debug/ModuleCache/1SC55N0B2OUJG/IOKit-1IAL9NTK1TABA.pcm': 'No such file or directory'
/Applications/Xcode.app/Contents/Developer/Platforms/MacOSX.platform/Developer/SDKs/MacOSX26.2.sdk/System/Library/Frameworks/Foundation.framework/Headers/NSURLError.h:15:9: note: while building module 'CoreServices' imported from /Applications/Xcode.app/Contents/Developer/Platforms/MacOSX.platform/Developer/SDKs/MacOSX26.2.sdk/System/Library/Frameworks/Foundation.framework/Headers/NSURLError.h:15:
 13 | #endif
 14 | #else
 15 | #import <CoreServices/CoreServices.h>
    |         `- note: while building module 'CoreServices' imported from /Applications/Xcode.app/Contents/Developer/Platforms/MacOSX.platform/Developer/SDKs/MacOSX26.2.sdk/System/Library/Frameworks/Foundation.framework/Headers/NSURLError.h:15:
 16 | #endif
 17 | 

/Applications/Xcode.app/Contents/Developer/Platforms/MacOSX.platform/Developer/SDKs/MacOSX26.2.sdk/System/Library/Frameworks/CoreServices.framework/Frameworks/CarbonCore.framework/Headers/Files.h:59:10: note: while building module 'DiskArbitration' imported from /Applications/Xcode.app/Contents/Developer/Platforms/MacOSX.platform/Developer/SDKs/MacOSX26.2.sdk/System/Library/Frameworks/CoreServices.framework/Frameworks/CarbonCore.framework/Headers/Files.h:59:
   57 | #include <sys/fcntl.h>
   58 | #include <sys/acl.h>
   59 | #include <DiskArbitration/DADisk.h>
      |          `- note: while building module 'DiskArbitration' imported from /Applications/Xcode.app/Contents/Developer/Platforms/MacOSX.platform/Developer/SDKs/MacOSX26.2.sdk/System/Library/Frameworks/CoreServices.framework/Frameworks/CarbonCore.framework/Headers/Files.h:59:
   60 | #include <hfs/hfs_unistr.h>
   61 | 

<module-includes>:1:9: note: in file included from <module-includes>:1:
1 | #import "Headers/DiskArbitration.h"
  |         `- note: in file included from <module-includes>:1:
2 | 

/Applications/Xcode.app/Contents/Developer/Platforms/MacOSX.platform/Developer/SDKs/MacOSX26.2.sdk/System/Library/Frameworks/DiskArbitration.framework/Headers/DiskArbitration.h:29:10: note: in file included from /Applications/Xcode.app/Contents/Developer/Platforms/MacOSX.platform/Developer/SDKs/MacOSX26.2.sdk/System/Library/Frameworks/DiskArbitration.framework/Headers/DiskArbitration.h:29:
 27 | #include <CoreFoundation/CoreFoundation.h>
 28 | #include <os/availability.h>
 29 | #include <DiskArbitration/DADisk.h>
    |          `- note: in file included from /Applications/Xcode.app/Contents/Developer/Platforms/MacOSX.platform/Developer/SDKs/MacOSX26.2.sdk/System/Library/Frameworks/DiskArbitration.framework/Headers/DiskArbitration.h:29:
 30 | #include <DiskArbitration/DADissenter.h>
 31 | #include <DiskArbitration/DASession.h>

/Applications/Xcode.app/Contents/Developer/Platforms/MacOSX.platform/Developer/SDKs/MacOSX26.2.sdk/System/Library/Frameworks/DiskArbitration.framework/Headers/DADisk.h:28:10: error: could not build module 'IOKit'
 26 | 
 27 | #include <CoreFoundation/CoreFoundation.h>
 28 | #include <IOKit/IOKitLib.h>
    |          `- error: could not build module 'IOKit'
 29 | 
 30 | #include <DiskArbitration/DASession.h>

/Applications/Xcode.app/Contents/Developer/Platforms/MacOSX.platform/Developer/SDKs/MacOSX26.2.sdk/System/Library/Frameworks/Foundation.framework/Headers/NSURLError.h:15:9: note: while building module 'CoreServices' imported from /Applications/Xcode.app/Contents/Developer/Platforms/MacOSX.platform/Developer/SDKs/MacOSX26.2.sdk/System/Library/Frameworks/Foundation.framework/Headers/NSURLError.h:15:
 13 | #endif
 14 | #else
 15 | #import <CoreServices/CoreServices.h>
    |         `- note: while building module 'CoreServices' imported from /Applications/Xcode.app/Contents/Developer/Platforms/MacOSX.platform/Developer/SDKs/MacOSX26.2.sdk/System/Library/Frameworks/Foundation.framework/Headers/NSURLError.h:15:
 16 | #endif
 17 | 

<module-includes>:1:9: note: in file included from <module-includes>:1:
 1 | #import "Headers/CoreServices.h"
   |         `- note: in file included from <module-includes>:1:
 2 | #import "Frameworks/AE.framework/Headers/AE.h"
 3 | #import "Frameworks/CarbonCore.framework/Headers/CarbonCore.h"

/Applications/Xcode.app/Contents/Developer/Platforms/MacOSX.platform/Developer/SDKs/MacOSX26.2.sdk/System/Library/Frameworks/CoreServices.framework/Headers/CoreServices.h:23:10: note: in file included from /Applications/Xcode.app/Contents/Developer/Platforms/MacOSX.platform/Developer/SDKs/MacOSX26.2.sdk/System/Library/Frameworks/CoreServices.framework/Headers/CoreServices.h:23:
21 | 
22 | #ifndef __AE__
23 | #include <AE/AE.h>
   |          `- note: in file included from /Applications/Xcode.app/Contents/Developer/Platforms/MacOSX.platform/Developer/SDKs/MacOSX26.2.sdk/System/Library/Frameworks/CoreServices.framework/Headers/CoreServices.h:23:
24 | #endif
25 | 

/Applications/Xcode.app/Contents/Developer/Platforms/MacOSX.platform/Developer/SDKs/MacOSX26.2.sdk/System/Library/Frameworks/CoreServices.framework/Frameworks/AE.framework/Headers/AE.h:20:10: note: in file included from /Applications/Xcode.app/Contents/Developer/Platforms/MacOSX.platform/Developer/SDKs/MacOSX26.2.sdk/System/Library/Frameworks/CoreServices.framework/Frameworks/AE.framework/Headers/AE.h:20:
18 | 
19 | #ifndef __CARBONCORE__
20 | #include <CarbonCore/CarbonCore.h>
   |          `- note: in file included from /Applications/Xcode.app/Contents/Developer/Platforms/MacOSX.platform/Developer/SDKs/MacOSX26.2.sdk/System/Library/Frameworks/CoreServices.framework/Frameworks/AE.framework/Headers/AE.h:20:
21 | #endif
22 | 

/Applications/Xcode.app/Contents/Developer/Platforms/MacOSX.platform/Developer/SDKs/MacOSX26.2.sdk/System/Library/Frameworks/CoreServices.framework/Frameworks/CarbonCore.framework/Headers/CarbonCore.h:87:10: note: in file included from /Applications/Xcode.app/Contents/Developer/Platforms/MacOSX.platform/Developer/SDKs/MacOSX26.2.sdk/System/Library/Frameworks/CoreServices.framework/Frameworks/CarbonCore.framework/Headers/CarbonCore.h:87:
 85 | 
 86 | #ifndef __COMPONENTS__
 87 | #include <CarbonCore/Components.h>
    |          `- note: in file included from /Applications/Xcode.app/Contents/Developer/Platforms/MacOSX.platform/Developer/SDKs/MacOSX26.2.sdk/System/Library/Frameworks/CoreServices.framework/Frameworks/CarbonCore.framework/Headers/CarbonCore.h:87:
 88 | #endif
 89 | 

/Applications/Xcode.app/Contents/Developer/Platforms/MacOSX.platform/Developer/SDKs/MacOSX26.2.sdk/System/Library/Frameworks/CoreServices.framework/Frameworks/CarbonCore.framework/Headers/Components.h:26:10: note: in file included from /Applications/Xcode.app/Contents/Developer/Platforms/MacOSX.platform/Developer/SDKs/MacOSX26.2.sdk/System/Library/Frameworks/CoreServices.framework/Frameworks/CarbonCore.framework/Headers/Components.h:26:
  24 | 
  25 | #ifndef __FILES__
  26 | #include <CarbonCore/Files.h>
     |          `- note: in file included from /Applications/Xcode.app/Contents/Developer/Platforms/MacOSX.platform/Developer/SDKs/MacOSX26.2.sdk/System/Library/Frameworks/CoreServices.framework/Frameworks/CarbonCore.framework/Headers/Components.h:26:
  27 | #endif
  28 | 

/Applications/Xcode.app/Contents/Developer/Platforms/MacOSX.platform/Developer/SDKs/MacOSX26.2.sdk/System/Library/Frameworks/CoreServices.framework/Frameworks/CarbonCore.framework/Headers/Files.h:59:10: error: could not build module 'DiskArbitration'
   57 | #include <sys/fcntl.h>
   58 | #include <sys/acl.h>
   59 | #include <DiskArbitration/DADisk.h>
      |          `- error: could not build module 'DiskArbitration'
   60 | #include <hfs/hfs_unistr.h>
   61 | 

<module-includes>:1:9: note: in file included from <module-includes>:1:
1 | #import "Headers/Foundation.h"
  |         `- note: in file included from <module-includes>:1:
2 | #import "Headers/NSDebug.h"
3 | 

/Applications/Xcode.app/Contents/Developer/Platforms/MacOSX.platform/Developer/SDKs/MacOSX26.2.sdk/System/Library/Frameworks/Foundation.framework/Headers/Foundation.h:94:9: note: in file included from /Applications/Xcode.app/Contents/Developer/Platforms/MacOSX.platform/Developer/SDKs/MacOSX26.2.sdk/System/Library/Frameworks/Foundation.framework/Headers/Foundation.h:94:
 92 | #import <Foundation/NSURLCredential.h>
 93 | #import <Foundation/NSURLCredentialStorage.h>
 94 | #import <Foundation/NSURLError.h>
    |         `- note: in file included from /Applications/Xcode.app/Contents/Developer/Platforms/MacOSX.platform/Developer/SDKs/MacOSX26.2.sdk/System/Library/Frameworks/Foundation.framework/Headers/Foundation.h:94:
 95 | #import <Foundation/NSURLProtectionSpace.h>
 96 | #import <Foundation/NSURLProtocol.h>

/Applications/Xcode.app/Contents/Developer/Platforms/MacOSX.platform/Developer/SDKs/MacOSX26.2.sdk/System/Library/Frameworks/Foundation.framework/Headers/NSURLError.h:15:9: error: could not build module 'CoreServices'
 13 | #endif
 14 | #else
 15 | #import <CoreServices/CoreServices.h>
    |         `- error: could not build module 'CoreServices'
 16 | #endif
 17 | 

<unknown>:0: error: could not build Objective-C module 'Foundation'
[14/19] Compiling MIDI2Core MIDI2Core.swift
Rename failed: /Users/hakaru/Desktop/MIDI2Kit/.build/x86_64-apple-macosx/debug/ModuleCache/1SC55N0B2OUJG/Foundation-24LYWIP48SHNP-e9996382.pcm.tmp -> /Users/hakaru/Desktop/MIDI2Kit/.build/x86_64-apple-macosx/debug/ModuleCache/1SC55N0B2OUJG/Foundation-24LYWIP48SHNP.pcm: No such file or directory
<unknown>:0: error: unable to rename temporary '/Users/hakaru/Desktop/MIDI2Kit/.build/x86_64-apple-macosx/debug/ModuleCache/1SC55N0B2OUJG/Foundation-24LYWIP48SHNP-e9996382.pcm.tmp' to output file '/Users/hakaru/Desktop/MIDI2Kit/.build/x86_64-apple-macosx/debug/ModuleCache/1SC55N0B2OUJG/Foundation-24LYWIP48SHNP.pcm': 'No such file or directory'
<unknown>:0: error: could not build Objective-C module 'Foundation'
error: emit-module command failed with exit code 1 (use -v to see invocation)
[15/19] Compiling MIDI2Core DeviceIdentity.swift
[16/19] Emitting module MIDI2Core
Rename failed: /Users/hakaru/Desktop/MIDI2Kit/.build/x86_64-apple-macosx/debug/ModuleCache/1SC55N0B2OUJG/Darwin-1FXX23EKWOBA9-7b0ceaa8.pcm.tmp -> /Users/hakaru/Desktop/MIDI2Kit/.build/x86_64-apple-macosx/debug/ModuleCache/1SC55N0B2OUJG/Darwin-1FXX23EKWOBA9.pcm: No such file or directory
<unknown>:0: error: unable to rename temporary '/Users/hakaru/Desktop/MIDI2Kit/.build/x86_64-apple-macosx/debug/ModuleCache/1SC55N0B2OUJG/Darwin-1FXX23EKWOBA9-7b0ceaa8.pcm.tmp' to output file '/Users/hakaru/Desktop/MIDI2Kit/.build/x86_64-apple-macosx/debug/ModuleCache/1SC55N0B2OUJG/Darwin-1FXX23EKWOBA9.pcm': 'No such file or directory'
<unknown>:0: error: could not build Objective-C module 'Darwin'
Rename failed: /Users/hakaru/Desktop/MIDI2Kit/.build/x86_64-apple-macosx/debug/ModuleCache/1SC55N0B2OUJG/_Builtin_intrinsics-19KE09ZDXQ6Q3-39d71b23.pcm.tmp -> /Users/hakaru/Desktop/MIDI2Kit/.build/x86_64-apple-macosx/debug/ModuleCache/1SC55N0B2OUJG/_Builtin_intrinsics-19KE09ZDXQ6Q3.pcm: No such file or directory
[17/19] Compiling MIDI2Core MIDITracer.swift
Rename failed: /Users/hakaru/Desktop/MIDI2Kit/.build/x86_64-apple-macosx/debug/ModuleCache/1SC55N0B2OUJG/CoreServices-39NCTJOEW7PQ2-9e83e7f7.pcm.tmp -> /Users/hakaru/Desktop/MIDI2Kit/.build/x86_64-apple-macosx/debug/ModuleCache/1SC55N0B2OUJG/CoreServices-39NCTJOEW7PQ2.pcm: No such file or directory
<unknown>:0: error: unable to rename temporary '/Users/hakaru/Desktop/MIDI2Kit/.build/x86_64-apple-macosx/debug/ModuleCache/1SC55N0B2OUJG/CoreServices-39NCTJOEW7PQ2-9e83e7f7.pcm.tmp' to output file '/Users/hakaru/Desktop/MIDI2Kit/.build/x86_64-apple-macosx/debug/ModuleCache/1SC55N0B2OUJG/CoreServices-39NCTJOEW7PQ2.pcm': 'No such file or directory'
<module-includes>:1:9: note: in file included from <module-includes>:1:
1 | #import "Headers/Foundation.h"
  |         `- note: in file included from <module-includes>:1:
2 | #import "Headers/NSDebug.h"
3 | 

/Applications/Xcode.app/Contents/Developer/Platforms/MacOSX.platform/Developer/SDKs/MacOSX26.2.sdk/System/Library/Frameworks/Foundation.framework/Headers/Foundation.h:94:9: note: in file included from /Applications/Xcode.app/Contents/Developer/Platforms/MacOSX.platform/Developer/SDKs/MacOSX26.2.sdk/System/Library/Frameworks/Foundation.framework/Headers/Foundation.h:94:
 92 | #import <Foundation/NSURLCredential.h>
 93 | #import <Foundation/NSURLCredentialStorage.h>
 94 | #import <Foundation/NSURLError.h>
    |         `- note: in file included from /Applications/Xcode.app/Contents/Developer/Platforms/MacOSX.platform/Developer/SDKs/MacOSX26.2.sdk/System/Library/Frameworks/Foundation.framework/Headers/Foundation.h:94:
 95 | #import <Foundation/NSURLProtectionSpace.h>
 96 | #import <Foundation/NSURLProtocol.h>

/Applications/Xcode.app/Contents/Developer/Platforms/MacOSX.platform/Developer/SDKs/MacOSX26.2.sdk/System/Library/Frameworks/Foundation.framework/Headers/NSURLError.h:15:9: error: could not build module 'CoreServices'
 13 | #endif
 14 | #else
 15 | #import <CoreServices/CoreServices.h>
    |         `- error: could not build module 'CoreServices'
 16 | #endif
 17 | 

<unknown>:0: error: could not build Objective-C module 'Foundation'
error: fatalError
